[2023-04-06 07:00:05] local.ERROR: Too many arguments to "make:controller" command, expected arguments "name". {"exception":"[object] (Symfony\\Component\\Console\\Exception\\RuntimeException(code: 0): Too many arguments to \"make:controller\" command, expected arguments \"name\". at G:\\Milon Kumar Tailwind Css\\Laravel\\The Camical Project\\Agriculture\\vendor\\symfony\\console\\Input\\ArgvInput.php:190)
[stacktrace]
#0 G:\\Milon Kumar Tailwind Css\\Laravel\\The Camical Project\\Agriculture\\vendor\\symfony\\console\\Input\\ArgvInput.php(83): Symfony\\Component\\Console\\Input\\ArgvInput->parseArgument('Carrier')
#1 G:\\Milon Kumar Tailwind Css\\Laravel\\The Camical Project\\Agriculture\\vendor\\symfony\\console\\Input\\ArgvInput.php(68): Symfony\\Component\\Console\\Input\\ArgvInput->parseToken('Carrier', true)
#2 G:\\Milon Kumar Tailwind Css\\Laravel\\The Camical Project\\Agriculture\\vendor\\symfony\\console\\Input\\Input.php(52): Symfony\\Component\\Console\\Input\\ArgvInput->parse()
#3 G:\\Milon Kumar Tailwind Css\\Laravel\\The Camical Project\\Agriculture\\vendor\\symfony\\console\\Command\\Command.php(271): Symfony\\Component\\Console\\Input\\Input->bind(Object(Symfony\\Component\\Console\\Input\\InputDefinition))
#4 G:\\Milon Kumar Tailwind Css\\Laravel\\The Camical Project\\Agriculture\\vendor\\laravel\\framework\\src\\Illuminate\\Console\\Command.php(163): Symfony\\Component\\Console\\Command\\Command->run(Object(Symfony\\Component\\Console\\Input\\ArgvInput), Object(Illuminate\\Console\\OutputStyle))
#5 G:\\Milon Kumar Tailwind Css\\Laravel\\The Camical Project\\Agriculture\\vendor\\symfony\\console\\Application.php(1022): Illuminate\\Console\\Command->run(Object(Symfony\\Component\\Console\\Input\\ArgvInput), Object(Symfony\\Component\\Console\\Output\\ConsoleOutput))
#6 G:\\Milon Kumar Tailwind Css\\Laravel\\The Camical Project\\Agriculture\\vendor\\symfony\\console\\Application.php(314): Symfony\\Component\\Console\\Application->doRunCommand(Object(Illuminate\\Routing\\Console\\ControllerMakeCommand), Object(Symfony\\Component\\Console\\Input\\ArgvInput), Object(Symfony\\Component\\Console\\Output\\ConsoleOutput))
#7 G:\\Milon Kumar Tailwind Css\\Laravel\\The Camical Project\\Agriculture\\vendor\\symfony\\console\\Application.php(168): Symfony\\Component\\Console\\Application->doRun(Object(Symfony\\Component\\Console\\Input\\ArgvInput), Object(Symfony\\Component\\Console\\Output\\ConsoleOutput))
#8 G:\\Milon Kumar Tailwind Css\\Laravel\\The Camical Project\\Agriculture\\vendor\\laravel\\framework\\src\\Illuminate\\Console\\Application.php(102): Symfony\\Component\\Console\\Application->run(Object(Symfony\\Component\\Console\\Input\\ArgvInput), Object(Symfony\\Component\\Console\\Output\\ConsoleOutput))
#9 G:\\Milon Kumar Tailwind Css\\Laravel\\The Camical Project\\Agriculture\\vendor\\laravel\\framework\\src\\Illuminate\\Foundation\\Console\\Kernel.php(155): Illuminate\\Console\\Application->run(Object(Symfony\\Component\\Console\\Input\\ArgvInput), Object(Symfony\\Component\\Console\\Output\\ConsoleOutput))
#10 G:\\Milon Kumar Tailwind Css\\Laravel\\The Camical Project\\Agriculture\\artisan(35): Illuminate\\Foundation\\Console\\Kernel->handle(Object(Symfony\\Component\\Console\\Input\\ArgvInput), Object(Symfony\\Component\\Console\\Output\\ConsoleOutput))
#11 {main}
"} 
[2023-04-06 07:00:52] local.ERROR: Too many arguments to "make:controller" command, expected arguments "name". {"exception":"[object] (Symfony\\Component\\Console\\Exception\\RuntimeException(code: 0): Too many arguments to \"make:controller\" command, expected arguments \"name\". at G:\\Milon Kumar Tailwind Css\\Laravel\\The Camical Project\\Agriculture\\vendor\\symfony\\console\\Input\\ArgvInput.php:190)
[stacktrace]
#0 G:\\Milon Kumar Tailwind Css\\Laravel\\The Camical Project\\Agriculture\\vendor\\symfony\\console\\Input\\ArgvInput.php(83): Symfony\\Component\\Console\\Input\\ArgvInput->parseArgument('Carrier')
#1 G:\\Milon Kumar Tailwind Css\\Laravel\\The Camical Project\\Agriculture\\vendor\\symfony\\console\\Input\\ArgvInput.php(68): Symfony\\Component\\Console\\Input\\ArgvInput->parseToken('Carrier', true)
#2 G:\\Milon Kumar Tailwind Css\\Laravel\\The Camical Project\\Agriculture\\vendor\\symfony\\console\\Input\\Input.php(52): Symfony\\Component\\Console\\Input\\ArgvInput->parse()
#3 G:\\Milon Kumar Tailwind Css\\Laravel\\The Camical Project\\Agriculture\\vendor\\symfony\\console\\Command\\Command.php(271): Symfony\\Component\\Console\\Input\\Input->bind(Object(Symfony\\Component\\Console\\Input\\InputDefinition))
#4 G:\\Milon Kumar Tailwind Css\\Laravel\\The Camical Project\\Agriculture\\vendor\\laravel\\framework\\src\\Illuminate\\Console\\Command.php(163): Symfony\\Component\\Console\\Command\\Command->run(Object(Symfony\\Component\\Console\\Input\\ArgvInput), Object(Illuminate\\Console\\OutputStyle))
#5 G:\\Milon Kumar Tailwind Css\\Laravel\\The Camical Project\\Agriculture\\vendor\\symfony\\console\\Application.php(1022): Illuminate\\Console\\Command->run(Object(Symfony\\Component\\Console\\Input\\ArgvInput), Object(Symfony\\Component\\Console\\Output\\ConsoleOutput))
#6 G:\\Milon Kumar Tailwind Css\\Laravel\\The Camical Project\\Agriculture\\vendor\\symfony\\console\\Application.php(314): Symfony\\Component\\Console\\Application->doRunCommand(Object(Illuminate\\Routing\\Console\\ControllerMakeCommand), Object(Symfony\\Component\\Console\\Input\\ArgvInput), Object(Symfony\\Component\\Console\\Output\\ConsoleOutput))
#7 G:\\Milon Kumar Tailwind Css\\Laravel\\The Camical Project\\Agriculture\\vendor\\symfony\\console\\Application.php(168): Symfony\\Component\\Console\\Application->doRun(Object(Symfony\\Component\\Console\\Input\\ArgvInput), Object(Symfony\\Component\\Console\\Output\\ConsoleOutput))
#8 G:\\Milon Kumar Tailwind Css\\Laravel\\The Camical Project\\Agriculture\\vendor\\laravel\\framework\\src\\Illuminate\\Console\\Application.php(102): Symfony\\Component\\Console\\Application->run(Object(Symfony\\Component\\Console\\Input\\ArgvInput), Object(Symfony\\Component\\Console\\Output\\ConsoleOutput))
#9 G:\\Milon Kumar Tailwind Css\\Laravel\\The Camical Project\\Agriculture\\vendor\\laravel\\framework\\src\\Illuminate\\Foundation\\Console\\Kernel.php(155): Illuminate\\Console\\Application->run(Object(Symfony\\Component\\Console\\Input\\ArgvInput), Object(Symfony\\Component\\Console\\Output\\ConsoleOutput))
#10 G:\\Milon Kumar Tailwind Css\\Laravel\\The Camical Project\\Agriculture\\artisan(35): Illuminate\\Foundation\\Console\\Kernel->handle(Object(Symfony\\Component\\Console\\Input\\ArgvInput), Object(Symfony\\Component\\Console\\Output\\ConsoleOutput))
#11 {main}
"} 
[2023-04-06 07:01:51] local.ERROR: Too many arguments to "make:controller" command, expected arguments "name". {"exception":"[object] (Symfony\\Component\\Console\\Exception\\RuntimeException(code: 0): Too many arguments to \"make:controller\" command, expected arguments \"name\". at G:\\Milon Kumar Tailwind Css\\Laravel\\The Camical Project\\Agriculture\\vendor\\symfony\\console\\Input\\ArgvInput.php:190)
[stacktrace]
#0 G:\\Milon Kumar Tailwind Css\\Laravel\\The Camical Project\\Agriculture\\vendor\\symfony\\console\\Input\\ArgvInput.php(83): Symfony\\Component\\Console\\Input\\ArgvInput->parseArgument('Carrier')
#1 G:\\Milon Kumar Tailwind Css\\Laravel\\The Camical Project\\Agriculture\\vendor\\symfony\\console\\Input\\ArgvInput.php(68): Symfony\\Component\\Console\\Input\\ArgvInput->parseToken('Carrier', true)
#2 G:\\Milon Kumar Tailwind Css\\Laravel\\The Camical Project\\Agriculture\\vendor\\symfony\\console\\Input\\Input.php(52): Symfony\\Component\\Console\\Input\\ArgvInput->parse()
#3 G:\\Milon Kumar Tailwind Css\\Laravel\\The Camical Project\\Agriculture\\vendor\\symfony\\console\\Command\\Command.php(271): Symfony\\Component\\Console\\Input\\Input->bind(Object(Symfony\\Component\\Console\\Input\\InputDefinition))
#4 G:\\Milon Kumar Tailwind Css\\Laravel\\The Camical Project\\Agriculture\\vendor\\laravel\\framework\\src\\Illuminate\\Console\\Command.php(163): Symfony\\Component\\Console\\Command\\Command->run(Object(Symfony\\Component\\Console\\Input\\ArgvInput), Object(Illuminate\\Console\\OutputStyle))
#5 G:\\Milon Kumar Tailwind Css\\Laravel\\The Camical Project\\Agriculture\\vendor\\symfony\\console\\Application.php(1022): Illuminate\\Console\\Command->run(Object(Symfony\\Component\\Console\\Input\\ArgvInput), Object(Symfony\\Component\\Console\\Output\\ConsoleOutput))
#6 G:\\Milon Kumar Tailwind Css\\Laravel\\The Camical Project\\Agriculture\\vendor\\symfony\\console\\Application.php(314): Symfony\\Component\\Console\\Application->doRunCommand(Object(Illuminate\\Routing\\Console\\ControllerMakeCommand), Object(Symfony\\Component\\Console\\Input\\ArgvInput), Object(Symfony\\Component\\Console\\Output\\ConsoleOutput))
#7 G:\\Milon Kumar Tailwind Css\\Laravel\\The Camical Project\\Agriculture\\vendor\\symfony\\console\\Application.php(168): Symfony\\Component\\Console\\Application->doRun(Object(Symfony\\Component\\Console\\Input\\ArgvInput), Object(Symfony\\Component\\Console\\Output\\ConsoleOutput))
#8 G:\\Milon Kumar Tailwind Css\\Laravel\\The Camical Project\\Agriculture\\vendor\\laravel\\framework\\src\\Illuminate\\Console\\Application.php(102): Symfony\\Component\\Console\\Application->run(Object(Symfony\\Component\\Console\\Input\\ArgvInput), Object(Symfony\\Component\\Console\\Output\\ConsoleOutput))
#9 G:\\Milon Kumar Tailwind Css\\Laravel\\The Camical Project\\Agriculture\\vendor\\laravel\\framework\\src\\Illuminate\\Foundation\\Console\\Kernel.php(155): Illuminate\\Console\\Application->run(Object(Symfony\\Component\\Console\\Input\\ArgvInput), Object(Symfony\\Component\\Console\\Output\\ConsoleOutput))
#10 G:\\Milon Kumar Tailwind Css\\Laravel\\The Camical Project\\Agriculture\\artisan(35): Illuminate\\Foundation\\Console\\Kernel->handle(Object(Symfony\\Component\\Console\\Input\\ArgvInput), Object(Symfony\\Component\\Console\\Output\\ConsoleOutput))
#11 {main}
"} 
